<?xml version="1.0" encoding="UTF-8"?>
<!-- Generated by org.testng.reporters.JUnitReportReporter -->
<testsuite hostname="meldeeb-latitude-e6540" failures="0" tests="3" name="appiumtests.AppiumTests" time="101.934" errors="0" timestamp="2021-01-25T16:45:49 EET" skipped="0">
  <testcase classname="appiumtests.AppiumTests" name="Test2" time="21.688"/>
  <system-out/>
  <testcase classname="appiumtests.AppiumTests" name="Test3" time="23.661"/>
  <system-out/>
  <testcase classname="appiumtests.AppiumTests" name="Test1" time="56.585"/>
  <system-out/>
</testsuite> <!-- appiumtests.AppiumTests -->
