<?xml version="1.0" encoding="UTF-8"?>
<!-- Generated by org.testng.reporters.JUnitReportReporter -->
<testsuite hostname="meldeeb-latitude-e6540" failures="0" tests="1" name="appiumtests.AppiumTests" time="18.259" errors="0" timestamp="2021-02-08T17:16:34 EET" skipped="0">
  <testcase classname="appiumtests.AppiumTests" name="ratePlayerTestcase" time="18.259"/>
  <system-out/>
</testsuite> <!-- appiumtests.AppiumTests -->
