<?xml version="1.0" encoding="UTF-8"?>
<!-- Generated by org.testng.reporters.JUnitReportReporter -->
<testsuite hostname="meldeeb-latitude-e6540" failures="0" tests="10" name="appiumtests.AppiumTests" time="363.389" errors="0" timestamp="2021-08-02T18:39:16 EET" skipped="0">
  <testcase classname="appiumtests.AppiumTests" name="ratePlayerTestcase" time="25.211"/>
  <system-out/>
  <testcase classname="appiumtests.AppiumTests" name="rateGoalTestcase" time="28.204"/>
  <system-out/>
  <testcase classname="appiumtests.AppiumTests" name="recommendSubTestcase" time="28.583"/>
  <system-out/>
  <testcase classname="appiumtests.AppiumTests" name="predictScoreTestcase" time="25.888"/>
  <system-out/>
  <testcase classname="appiumtests.AppiumTests" name="createPostTestcase" time="31.353"/>
  <system-out/>
  <testcase classname="appiumtests.AppiumTests" name="guestRatePlayerTestcase" time="45.074"/>
  <system-out/>
  <testcase classname="appiumtests.AppiumTests" name="guestRateGoalTestcase" time="42.844"/>
  <system-out/>
  <testcase classname="appiumtests.AppiumTests" name="guestRecommendSubTestcase" time="42.182"/>
  <system-out/>
  <testcase classname="appiumtests.AppiumTests" name="guestPredictScoreTestcase" time="41.156"/>
  <system-out/>
  <testcase classname="appiumtests.AppiumTests" name="guestCreatePostTestcase" time="52.894"/>
  <system-out/>
</testsuite> <!-- appiumtests.AppiumTests -->
