<?xml version="1.0" encoding="UTF-8"?>
<!-- Generated by org.testng.reporters.JUnitReportReporter -->
<testsuite hostname="meldeeb-latitude-e6540" failures="0" tests="6" name="appiumtests.AppiumTests" time="335.993" errors="0" timestamp="2021-01-25T19:30:51 EET" skipped="0">
  <testcase classname="appiumtests.AppiumTests" name="ratePlayerTestcase" time="25.429"/>
  <system-out/>
  <testcase classname="appiumtests.AppiumTests" name="recommendSubTestcase" time="33.901"/>
  <system-out/>
  <testcase classname="appiumtests.AppiumTests" name="predictScoreTestcase" time="31.850"/>
  <system-out/>
  <testcase classname="appiumtests.AppiumTests" name="guestPredictScoreTestcase" time="71.410"/>
  <system-out/>
  <testcase classname="appiumtests.AppiumTests" name="guestRatePlayerTestcase" time="71.354"/>
  <system-out/>
  <testcase classname="appiumtests.AppiumTests" name="guestRecommendSubTestcase" time="102.049"/>
  <system-out/>
</testsuite> <!-- appiumtests.AppiumTests -->
