<?xml version="1.0" encoding="UTF-8"?>
<!-- Generated by org.testng.reporters.JUnitReportReporter -->
<testsuite hostname="meldeeb-latitude-e6540" failures="0" tests="6" name="appiumtests.AppiumTests" time="348.682" errors="0" timestamp="2021-01-26T20:52:37 EET" skipped="0">
  <testcase classname="appiumtests.AppiumTests" name="ratePlayerTestcase" time="26.232"/>
  <system-out/>
  <testcase classname="appiumtests.AppiumTests" name="recommendSubTestcase" time="36.441"/>
  <system-out/>
  <testcase classname="appiumtests.AppiumTests" name="predictScoreTestcase" time="29.958"/>
  <system-out/>
  <testcase classname="appiumtests.AppiumTests" name="guestPredictScoreTestcase" time="71.907"/>
  <system-out/>
  <testcase classname="appiumtests.AppiumTests" name="guestRatePlayerTestcase" time="78.182"/>
  <system-out/>
  <testcase classname="appiumtests.AppiumTests" name="guestRecommendSubTestcase" time="105.962"/>
  <system-out/>
</testsuite> <!-- appiumtests.AppiumTests -->
