<?xml version="1.0" encoding="UTF-8"?>
<!-- Generated by org.testng.reporters.JUnitReportReporter -->
<testsuite hostname="meldeeb-latitude-e6540" failures="0" tests="6" name="appiumtests.AppiumTests" time="334.558" errors="0" timestamp="2021-01-26T20:19:36 EET" skipped="0">
  <testcase classname="appiumtests.AppiumTests" name="ratePlayerTestcase" time="22.430"/>
  <system-out/>
  <testcase classname="appiumtests.AppiumTests" name="recommendSubTestcase" time="33.832"/>
  <system-out/>
  <testcase classname="appiumtests.AppiumTests" name="predictScoreTestcase" time="29.856"/>
  <system-out/>
  <testcase classname="appiumtests.AppiumTests" name="guestPredictScoreTestcase" time="68.692"/>
  <system-out/>
  <testcase classname="appiumtests.AppiumTests" name="guestRatePlayerTestcase" time="75.705"/>
  <system-out/>
  <testcase classname="appiumtests.AppiumTests" name="guestRecommendSubTestcase" time="104.043"/>
  <system-out/>
</testsuite> <!-- appiumtests.AppiumTests -->
