<?xml version="1.0" encoding="UTF-8"?>
<!-- Generated by org.testng.reporters.JUnitReportReporter -->
<testsuite skipped="0" hostname="DESKTOP-RRS71A3" name="appiumtests.AppiumTests" tests="6" failures="0" timestamp="08 Jul 2021 15:14:23 GMT" time="195.250" errors="0">
  <testcase name="ratePlayerTestcase" time="28.191" classname="appiumtests.AppiumTests"/>
  <testcase name="recommendSubTestcase" time="25.111" classname="appiumtests.AppiumTests"/>
  <testcase name="predictScoreTestcase" time="24.965" classname="appiumtests.AppiumTests"/>
  <testcase name="guestPredictScoreTestcase" time="38.329" classname="appiumtests.AppiumTests"/>
  <testcase name="guestRatePlayerTestcase" time="40.655" classname="appiumtests.AppiumTests"/>
  <testcase name="guestRecommendSubTestcase" time="37.999" classname="appiumtests.AppiumTests"/>
</testsuite> <!-- appiumtests.AppiumTests -->
