<?xml version="1.0" encoding="UTF-8"?>
<!-- Generated by org.testng.reporters.JUnitReportReporter -->
<testsuite skipped="0" hostname="DESKTOP-RRS71A3" name="appiumtests.AppiumTests" tests="1" failures="0" timestamp="27 Jun 2021 21:30:21 GMT" time="16.359" errors="0">
  <testcase name="ratePlayerTestcase" time="16.359" classname="appiumtests.AppiumTests"/>
</testsuite> <!-- appiumtests.AppiumTests -->
