<?xml version="1.0" encoding="UTF-8"?>
<!-- Generated by org.testng.reporters.JUnitReportReporter -->
<testsuite skipped="0" hostname="DESKTOP-RRS71A3" name="appiumtests.AppiumTests" tests="8" failures="0" timestamp="08 Jul 2021 17:30:22 GMT" time="254.809" errors="0">
  <testcase name="ratePlayerTestcase" time="25.281" classname="appiumtests.AppiumTests"/>
  <testcase name="rateGoalTestcase" time="23.708" classname="appiumtests.AppiumTests"/>
  <testcase name="recommendSubTestcase" time="28.701" classname="appiumtests.AppiumTests"/>
  <testcase name="predictScoreTestcase" time="25.388" classname="appiumtests.AppiumTests"/>
  <testcase name="guestRatePlayerTestcase" time="40.062" classname="appiumtests.AppiumTests"/>
  <testcase name="guestRateGoalTestcase" time="37.699" classname="appiumtests.AppiumTests"/>
  <testcase name="guestRecommendSubTestcase" time="37.215" classname="appiumtests.AppiumTests"/>
  <testcase name="guestPredictScoreTestcase" time="36.755" classname="appiumtests.AppiumTests"/>
</testsuite> <!-- appiumtests.AppiumTests -->
