<?xml version="1.0" encoding="UTF-8"?>
<!-- Generated by org.testng.reporters.JUnitReportReporter -->
<testsuite skipped="0" hostname="DESKTOP-RRS71A3" name="appiumtests.AppiumTests" tests="1" failures="0" timestamp="10 Jul 2021 23:28:55 GMT" time="25.105" errors="0">
  <testcase name="createPostTestcase" time="25.105" classname="appiumtests.AppiumTests"/>
</testsuite> <!-- appiumtests.AppiumTests -->
